ERROR - 2024-11-05 21:29:52 --> mysqli_sql_exception: Table 'misir_tanrilari.tanrilar' doesn't exist in C:\xampp\htdocs\misir_tanrilari\system\Database\MySQLi\Connection.php:306
Stack trace:
#0 C:\xampp\htdocs\misir_tanrilari\system\Database\MySQLi\Connection.php(306): mysqli->query('SELECT *\nFROM `...', 0)
#1 C:\xampp\htdocs\misir_tanrilari\system\Database\BaseConnection.php(692): CodeIgniter\Database\MySQLi\Connection->execute('SELECT *\nFROM `...')
#2 C:\xampp\htdocs\misir_tanrilari\system\Database\BaseConnection.php(606): CodeIgniter\Database\BaseConnection->simpleQuery('SELECT *\nFROM `...')
#3 C:\xampp\htdocs\misir_tanrilari\system\Database\BaseBuilder.php(1615): CodeIgniter\Database\BaseConnection->query('SELECT *\nFROM `...', Array, false)
#4 C:\xampp\htdocs\misir_tanrilari\system\Model.php(237): CodeIgniter\Database\BaseBuilder->get()
#5 C:\xampp\htdocs\misir_tanrilari\system\BaseModel.php(624): CodeIgniter\Model->doFindAll(0, 0)
#6 C:\xampp\htdocs\misir_tanrilari\app\Models\AnasayfaModel.php(15): CodeIgniter\BaseModel->findAll()
#7 C:\xampp\htdocs\misir_tanrilari\app\Controllers\Anasayfa.php(15): App\Models\AnasayfaModel->kayitlar()
#8 C:\xampp\htdocs\misir_tanrilari\system\CodeIgniter.php(919): App\Controllers\Anasayfa->index()
#9 C:\xampp\htdocs\misir_tanrilari\system\CodeIgniter.php(494): CodeIgniter\CodeIgniter->runController(Object(App\Controllers\Anasayfa))
#10 C:\xampp\htdocs\misir_tanrilari\system\CodeIgniter.php(353): CodeIgniter\CodeIgniter->handleRequest(NULL, Object(Config\Cache), false)
#11 C:\xampp\htdocs\misir_tanrilari\public\index.php(79): CodeIgniter\CodeIgniter->run()
#12 {main}
CRITICAL - 2024-11-05 21:29:52 --> Table 'misir_tanrilari.tanrilar' doesn't exist
in SYSTEMPATH\Database\BaseConnection.php on line 646.
 1 SYSTEMPATH\Database\BaseBuilder.php(1615): CodeIgniter\Database\BaseConnection->query('SELECT *
FROM `tanrilar`', [], false)
 2 SYSTEMPATH\Model.php(237): CodeIgniter\Database\BaseBuilder->get()
 3 SYSTEMPATH\BaseModel.php(624): CodeIgniter\Model->doFindAll(0, 0)
 4 APPPATH\Models\AnasayfaModel.php(15): CodeIgniter\BaseModel->findAll()
 5 APPPATH\Controllers\Anasayfa.php(15): App\Models\AnasayfaModel->kayitlar()
 6 SYSTEMPATH\CodeIgniter.php(919): App\Controllers\Anasayfa->index()
 7 SYSTEMPATH\CodeIgniter.php(494): CodeIgniter\CodeIgniter->runController(Object(App\Controllers\Anasayfa))
 8 SYSTEMPATH\CodeIgniter.php(353): CodeIgniter\CodeIgniter->handleRequest(null, Object(Config\Cache), false)
 9 FCPATH\index.php(79): CodeIgniter\CodeIgniter->run()
ERROR - 2024-11-05 21:31:03 --> mysqli_sql_exception: Table 'misir_tanrilari.tanrilar' doesn't exist in C:\xampp\htdocs\misir_tanrilari\system\Database\MySQLi\Connection.php:306
Stack trace:
#0 C:\xampp\htdocs\misir_tanrilari\system\Database\MySQLi\Connection.php(306): mysqli->query('SELECT *\nFROM `...', 0)
#1 C:\xampp\htdocs\misir_tanrilari\system\Database\BaseConnection.php(692): CodeIgniter\Database\MySQLi\Connection->execute('SELECT *\nFROM `...')
#2 C:\xampp\htdocs\misir_tanrilari\system\Database\BaseConnection.php(606): CodeIgniter\Database\BaseConnection->simpleQuery('SELECT *\nFROM `...')
#3 C:\xampp\htdocs\misir_tanrilari\system\Database\BaseBuilder.php(1615): CodeIgniter\Database\BaseConnection->query('SELECT *\nFROM `...', Array, false)
#4 C:\xampp\htdocs\misir_tanrilari\system\Model.php(237): CodeIgniter\Database\BaseBuilder->get()
#5 C:\xampp\htdocs\misir_tanrilari\system\BaseModel.php(624): CodeIgniter\Model->doFindAll(0, 0)
#6 C:\xampp\htdocs\misir_tanrilari\app\Models\AnasayfaModel.php(15): CodeIgniter\BaseModel->findAll()
#7 C:\xampp\htdocs\misir_tanrilari\app\Controllers\Anasayfa.php(15): App\Models\AnasayfaModel->kayitlar()
#8 C:\xampp\htdocs\misir_tanrilari\system\CodeIgniter.php(919): App\Controllers\Anasayfa->index()
#9 C:\xampp\htdocs\misir_tanrilari\system\CodeIgniter.php(494): CodeIgniter\CodeIgniter->runController(Object(App\Controllers\Anasayfa))
#10 C:\xampp\htdocs\misir_tanrilari\system\CodeIgniter.php(353): CodeIgniter\CodeIgniter->handleRequest(NULL, Object(Config\Cache), false)
#11 C:\xampp\htdocs\misir_tanrilari\public\index.php(79): CodeIgniter\CodeIgniter->run()
#12 {main}
CRITICAL - 2024-11-05 21:31:03 --> Table 'misir_tanrilari.tanrilar' doesn't exist
in SYSTEMPATH\Database\BaseConnection.php on line 646.
 1 SYSTEMPATH\Database\BaseBuilder.php(1615): CodeIgniter\Database\BaseConnection->query('SELECT *
FROM `tanrilar`', [], false)
 2 SYSTEMPATH\Model.php(237): CodeIgniter\Database\BaseBuilder->get()
 3 SYSTEMPATH\BaseModel.php(624): CodeIgniter\Model->doFindAll(0, 0)
 4 APPPATH\Models\AnasayfaModel.php(15): CodeIgniter\BaseModel->findAll()
 5 APPPATH\Controllers\Anasayfa.php(15): App\Models\AnasayfaModel->kayitlar()
 6 SYSTEMPATH\CodeIgniter.php(919): App\Controllers\Anasayfa->index()
 7 SYSTEMPATH\CodeIgniter.php(494): CodeIgniter\CodeIgniter->runController(Object(App\Controllers\Anasayfa))
 8 SYSTEMPATH\CodeIgniter.php(353): CodeIgniter\CodeIgniter->handleRequest(null, Object(Config\Cache), false)
 9 FCPATH\index.php(79): CodeIgniter\CodeIgniter->run()
ERROR - 2024-11-05 21:40:00 --> mysqli_sql_exception: Table 'misir_tanrilari.tanrilar' doesn't exist in C:\xampp\htdocs\misir_tanrilari\system\Database\MySQLi\Connection.php:306
Stack trace:
#0 C:\xampp\htdocs\misir_tanrilari\system\Database\MySQLi\Connection.php(306): mysqli->query('SELECT *\nFROM `...', 0)
#1 C:\xampp\htdocs\misir_tanrilari\system\Database\BaseConnection.php(692): CodeIgniter\Database\MySQLi\Connection->execute('SELECT *\nFROM `...')
#2 C:\xampp\htdocs\misir_tanrilari\system\Database\BaseConnection.php(606): CodeIgniter\Database\BaseConnection->simpleQuery('SELECT *\nFROM `...')
#3 C:\xampp\htdocs\misir_tanrilari\system\Database\BaseBuilder.php(1615): CodeIgniter\Database\BaseConnection->query('SELECT *\nFROM `...', Array, false)
#4 C:\xampp\htdocs\misir_tanrilari\system\Model.php(237): CodeIgniter\Database\BaseBuilder->get()
#5 C:\xampp\htdocs\misir_tanrilari\system\BaseModel.php(624): CodeIgniter\Model->doFindAll(0, 0)
#6 C:\xampp\htdocs\misir_tanrilari\app\Models\AnasayfaModel.php(15): CodeIgniter\BaseModel->findAll()
#7 C:\xampp\htdocs\misir_tanrilari\app\Controllers\Anasayfa.php(15): App\Models\AnasayfaModel->kayitlar()
#8 C:\xampp\htdocs\misir_tanrilari\system\CodeIgniter.php(919): App\Controllers\Anasayfa->index()
#9 C:\xampp\htdocs\misir_tanrilari\system\CodeIgniter.php(494): CodeIgniter\CodeIgniter->runController(Object(App\Controllers\Anasayfa))
#10 C:\xampp\htdocs\misir_tanrilari\system\CodeIgniter.php(353): CodeIgniter\CodeIgniter->handleRequest(NULL, Object(Config\Cache), false)
#11 C:\xampp\htdocs\misir_tanrilari\public\index.php(79): CodeIgniter\CodeIgniter->run()
#12 {main}
CRITICAL - 2024-11-05 21:40:00 --> Table 'misir_tanrilari.tanrilar' doesn't exist
in SYSTEMPATH\Database\BaseConnection.php on line 646.
 1 SYSTEMPATH\Database\BaseBuilder.php(1615): CodeIgniter\Database\BaseConnection->query('SELECT *
FROM `tanrilar`', [], false)
 2 SYSTEMPATH\Model.php(237): CodeIgniter\Database\BaseBuilder->get()
 3 SYSTEMPATH\BaseModel.php(624): CodeIgniter\Model->doFindAll(0, 0)
 4 APPPATH\Models\AnasayfaModel.php(15): CodeIgniter\BaseModel->findAll()
 5 APPPATH\Controllers\Anasayfa.php(15): App\Models\AnasayfaModel->kayitlar()
 6 SYSTEMPATH\CodeIgniter.php(919): App\Controllers\Anasayfa->index()
 7 SYSTEMPATH\CodeIgniter.php(494): CodeIgniter\CodeIgniter->runController(Object(App\Controllers\Anasayfa))
 8 SYSTEMPATH\CodeIgniter.php(353): CodeIgniter\CodeIgniter->handleRequest(null, Object(Config\Cache), false)
 9 FCPATH\index.php(79): CodeIgniter\CodeIgniter->run()
ERROR - 2024-11-05 21:40:44 --> mysqli_sql_exception: Table 'misir_tanrilari.tanrilar' doesn't exist in C:\xampp\htdocs\misir_tanrilari\system\Database\MySQLi\Connection.php:306
Stack trace:
#0 C:\xampp\htdocs\misir_tanrilari\system\Database\MySQLi\Connection.php(306): mysqli->query('SELECT *\nFROM `...', 0)
#1 C:\xampp\htdocs\misir_tanrilari\system\Database\BaseConnection.php(692): CodeIgniter\Database\MySQLi\Connection->execute('SELECT *\nFROM `...')
#2 C:\xampp\htdocs\misir_tanrilari\system\Database\BaseConnection.php(606): CodeIgniter\Database\BaseConnection->simpleQuery('SELECT *\nFROM `...')
#3 C:\xampp\htdocs\misir_tanrilari\system\Database\BaseBuilder.php(1615): CodeIgniter\Database\BaseConnection->query('SELECT *\nFROM `...', Array, false)
#4 C:\xampp\htdocs\misir_tanrilari\system\Model.php(237): CodeIgniter\Database\BaseBuilder->get()
#5 C:\xampp\htdocs\misir_tanrilari\system\BaseModel.php(624): CodeIgniter\Model->doFindAll(0, 0)
#6 C:\xampp\htdocs\misir_tanrilari\app\Models\AnasayfaModel.php(15): CodeIgniter\BaseModel->findAll()
#7 C:\xampp\htdocs\misir_tanrilari\app\Controllers\Anasayfa.php(15): App\Models\AnasayfaModel->kayitlar()
#8 C:\xampp\htdocs\misir_tanrilari\system\CodeIgniter.php(919): App\Controllers\Anasayfa->index()
#9 C:\xampp\htdocs\misir_tanrilari\system\CodeIgniter.php(494): CodeIgniter\CodeIgniter->runController(Object(App\Controllers\Anasayfa))
#10 C:\xampp\htdocs\misir_tanrilari\system\CodeIgniter.php(353): CodeIgniter\CodeIgniter->handleRequest(NULL, Object(Config\Cache), false)
#11 C:\xampp\htdocs\misir_tanrilari\public\index.php(79): CodeIgniter\CodeIgniter->run()
#12 {main}
CRITICAL - 2024-11-05 21:40:44 --> Table 'misir_tanrilari.tanrilar' doesn't exist
in SYSTEMPATH\Database\BaseConnection.php on line 646.
 1 SYSTEMPATH\Database\BaseBuilder.php(1615): CodeIgniter\Database\BaseConnection->query('SELECT *
FROM `tanrilar`', [], false)
 2 SYSTEMPATH\Model.php(237): CodeIgniter\Database\BaseBuilder->get()
 3 SYSTEMPATH\BaseModel.php(624): CodeIgniter\Model->doFindAll(0, 0)
 4 APPPATH\Models\AnasayfaModel.php(15): CodeIgniter\BaseModel->findAll()
 5 APPPATH\Controllers\Anasayfa.php(15): App\Models\AnasayfaModel->kayitlar()
 6 SYSTEMPATH\CodeIgniter.php(919): App\Controllers\Anasayfa->index()
 7 SYSTEMPATH\CodeIgniter.php(494): CodeIgniter\CodeIgniter->runController(Object(App\Controllers\Anasayfa))
 8 SYSTEMPATH\CodeIgniter.php(353): CodeIgniter\CodeIgniter->handleRequest(null, Object(Config\Cache), false)
 9 FCPATH\index.php(79): CodeIgniter\CodeIgniter->run()
